Start testing: Feb 03 20:18 CST
----------------------------------------------------------
1/2 Testing: uv_test
1/2 Test: uv_test
Command: "/Users/sam/Documents/projects/personal/c/quickjs-runtime/libuv/out/cmake/uv_run_tests"
Directory: /Users/sam/Documents/projects/personal/c/quickjs-runtime/libuv
"uv_test" start time: Feb 03 20:18 CST
Output:
----------------------------------------------------------
1..374
ok 1 - platform_output
# Output from process `platform_output`:
# uv_get_process_title: /Users/sam/Documents/projects/personal/c/quickjs-runtime/libuv/out/cmake/uv_run_tests
# uv_cwd: /Users/sam/Documents/projects/personal/c/quickjs-runtime/libuv
# uv_resident_set_memory: 864256
# uv_uptime: 4190099.000000
# uv_getrusage:
#   user: 0 sec 1113 microsec
#   system: 0 sec 1278 microsec
#   page faults: 0
#   maximum resident set size: 868352
# uv_cpu_info:
#   model: Intel(R) Core(TM) i9-9880H CPU @ 2.30GHz
#   speed: 2300
#   times.sys: 87623260
#   times.user: 111228500
#   times.idle: 1132882680
#   times.irq: 0
#   times.nice: 0
#   model: Intel(R) Core(TM) i9-9880H CPU @ 2.30GHz
#   speed: 2300
#   times.sys: 2156110
#   times.user: 1246330
#   times.idle: 1327858220
#   times.irq: 0
#   times.nice: 0
#   model: Intel(R) Core(TM) i9-9880H CPU @ 2.30GHz
#   speed: 2300
#   times.sys: 59917700
#   times.user: 86304100
#   times.idle: 1185056060
#   times.irq: 0
#   times.nice: 0
#   model: Intel(R) Core(TM) i9-9880H CPU @ 2.30GHz
#   speed: 2300
#   times.sys: 1906110
#   times.user: 1228360
#   times.idle: 1328125090
#   times.irq: 0
#   times.n
# ice: 0
#   model: Intel(R) Core(TM) i9-9880H CPU @ 2.30GHz
#   speed: 2300
#   times.sys: 44401830
#   times.user: 63139600
#   times.idle: 1223734560
#   times.irq: 0
#   times.nice: 0
#   model: Intel(R) Core(TM) i9-9880H CPU @ 2.30GHz
#   speed: 2300
#   times.sys: 1715590
#   times.user: 1224920
#   times.idle: 1328317940
#   times.irq: 0
#   times.nice: 0
#   model: Intel(R) Core(TM) i9-9880H CPU @ 2.30GHz
#   speed: 2300
#   times.sys: 33855190
#   times.user: 49185410
#   times.idle: 1248233480
#   times.irq: 0
#   times.nice: 0
#   model: Intel(R) Core(TM) i9-9880H CPU @ 2.30GHz
#   speed: 2300
#   times.sys: 1541190
#   times.user: 1206840
#   times.idle: 1328509300
#   times.irq: 0
#   times.nice: 0
#   model: Intel(R) Core(TM) i9-9880H CPU @ 2.30GHz
#   speed: 2300
#   times.sys: 26207030
#   times.user: 40060610
#   times.idle: 1265004530
#   times.irq: 0
#   times.nice: 0
#   model: Intel(R) Core(TM) i9-9880H CPU @ 2.30GHz
#   speed: 2300
#   times.sys: 1402950
#   times.user: 1182150
#   times.idle: 1328671100
#   times.irq: 0
#   times.nice: 0
#   model: Intel(R) Core(TM) i9-988
# 0H CPU @ 2.30GHz
#   speed: 2300
#   times.sys: 18077580
#   times.user: 30513710
#   times.idle: 1282678950
#   times.irq: 0
#   times.nice: 0
#   model: Intel(R) Core(TM) i9-9880H CPU @ 2.30GHz
#   speed: 2300
#   times.sys: 1282390
#   times.user: 1153000
#   times.idle: 1328819630
#   times.irq: 0
#   times.nice: 0
#   model: Intel(R) Core(TM) i9-9880H CPU @ 2.30GHz
#   speed: 2300
#   times.sys: 12708950
#   times.user: 22517630
#   times.idle: 1296041670
#   times.irq: 0
#   times.nice: 0
#   model: Intel(R) Core(TM) i9-9880H CPU @ 2.30GHz
#   speed: 2300
#   times.sys: 1185620
#   times.user: 1121670
#   times.idle: 1328946540
#   times.irq: 0
#   times.nice: 0
#   model: Intel(R) Core(TM) i9-9880H CPU @ 2.30GHz
#   speed: 2300
#   times.sys: 9999140
#   times.user: 18672770
#   times.idle: 1302594270
#   times.irq: 0
#   times.nice: 0
#   model: Intel(R) Core(TM) i9-9880H CPU @ 2.30GHz
#   speed: 2300
#   times.sys: 1109500
#   times.user: 1095130
#   times.idle: 1329047970
#   times.irq: 0
#   times.nice: 0
# uv_interface_addresses:
#   name: lo0
#   internal: 1
#   physical address: 00:0
# 0:00:00:00:00
#   address: 127.0.0.1
#   netmask: 255.0.0.0
#   name: lo0
#   internal: 1
#   physical address: 00:00:00:00:00:00
#   address: ::1
#   netmask: ffff:ffff:ffff:ffff:ffff:ffff:ffff:ffff
#   name: lo0
#   internal: 1
#   physical address: 00:00:00:00:00:00
#   address: fe80::1
#   netmask: ffff:ffff:ffff:ffff::
#   name: en0
#   internal: 0
#   physical address: 38:f9:d3:cf:cf:79
#   address: fe80::ca4:ef71:5d27:9053
#   netmask: ffff:ffff:ffff:ffff::
#   name: en0
#   internal: 0
#   physical address: 38:f9:d3:cf:cf:79
#   address: 192.168.1.116
#   netmask: 255.255.255.0
#   name: awdl0
#   internal: 0
#   physical address: ee:58:f2:59:b6:46
#   address: fe80::ec58:f2ff:fe59:b646
#   netmask: ffff:ffff:ffff:ffff::
#   name: llw0
#   internal: 0
#   physical address: ee:58:f2:59:b6:46
#   address: fe80::ec58:f2ff:fe59:b646
#   netmask: ffff:ffff:ffff:ffff::
#   name: utun0
#   internal: 0
#   physical address: 00:00:00:00:00:00
#   address: fe80::8f0b:5643:c755:58ff
#   netmask: ffff:ffff:ffff:ffff::
#   name: utun1
#   internal: 0
#   physical address: 00:00:00:00:00:00
#   
# address: fe80::7aa4:3aaa:a0a7:4805
#   netmask: ffff:ffff:ffff:ffff::
#   name: utun2
#   internal: 0
#   physical address: 00:00:00:00:00:00
#   address: fe80::6a18:867d:f91f:7cd0
#   netmask: ffff:ffff:ffff:ffff::
#   name: utun3
#   internal: 0
#   physical address: 00:00:00:00:00:00
#   address: fe80::4ab2:e448:3487:efb4
#   netmask: ffff:ffff:ffff:ffff::
#   name: vnic0
#   internal: 0
#   physical address: 00:1c:42:00:00:08
#   address: 10.211.55.2
#   netmask: 255.255.255.0
#   name: vnic1
#   internal: 0
#   physical address: 00:1c:42:00:00:09
#   address: 10.37.129.2
#   netmask: 255.255.255.0
#   name: utun4
#   internal: 0
#   physical address: 00:00:00:00:00:00
#   address: fe80::58b4:e42:2194:ea6a
#   netmask: ffff:ffff:ffff:ffff::
#   name: utun5
#   internal: 0
#   physical address: 00:00:00:00:00:00
#   address: fe80::de7c:e21b:4f78:a4c2
#   netmask: ffff:ffff:ffff:ffff::
#   name: utun6
#   internal: 0
#   physical address: 00:00:00:00:00:00
#   address: fe80::f749:d1c2:2741:b079
#   netmask: ffff:ffff:ffff:ffff::
#   name: utun7
#   internal: 0
#   physical address: 0
# 0:00:00:00:00:00
#   address: fe80::9b85:feb8:34e1:7e42
#   netmask: ffff:ffff:ffff:ffff::
#   name: en5
#   internal: 0
#   physical address: ac:de:48:00:11:22
#   address: fe80::aede:48ff:fe00:1122
#   netmask: ffff:ffff:ffff:ffff::
#   name: utun8
#   internal: 0
#   physical address: 00:00:00:00:00:00
#   address: fe80::d68c:2512:2e23:2cf9
#   netmask: ffff:ffff:ffff:ffff::
#   name: utun9
#   internal: 0
#   physical address: 00:00:00:00:00:00
#   address: fe80::e805:cb57:f9d1:3b46
#   netmask: ffff:ffff:ffff:ffff::
# uv_os_get_passwd:
#   euid: 501
#   gid: 20
#   username: sam
#   shell: /bin/zsh
#   home directory: /Users/sam
# uv_os_getpid: 73502
# uv_os_getppid: 73501
# uv_os_uname:
#   sysname: Darwin
#   release: 19.2.0
#   version: Darwin Kernel Version 19.2.0: Sat Nov  9 03:47:04 PST 2019; root:xnu-6153.61.1~20/RELEASE_X86_64
#   machine: x86_64
ok 2 - active
ok 3 - async
ok 4 - async_null_cb
ok 5 - async_ref
ok 6 - barrier_1
ok 7 - barrier_2
ok 8 - barrier_3
ok 9 - barrier_serial_thread
ok 10 - barrier_serial_thread_single
ok 11 - callback_stack
ok 12 - check_ref
ok 13 - close_fd
ok 14 - close_order
ok 15 - closed_fd_events
ok 16 - condvar_1
ok 17 - condvar_2
ok 18 - condvar_3
ok 19 - condvar_4
ok 20 - condvar_5
ok 21 - connect_unspecified
ok 22 - connection_fail
ok 23 - connection_fail_doesnt_auto_close
ok 24 - cwd_and_chdir
ok 25 - default_loop_close
ok 26 - delayed_accept
ok 27 - dlerror
ok 28 - eintr_handling
ok 29 - embed
ok 30 - emfile
ok 31 - env_vars
ok 32 - error_message
ok 33 - fork_signal_to_child
ok 34 - fork_signal_to_child_closed
ok 35 - fork_socketpair
ok 36 - fork_socketpair_started
ok 37 - fork_threadpool_queue_work_simple
ok 38 - fork_timer
ok 39 - fs_access
ok 40 - fs_async_dir
ok 41 - fs_async_sendfile
ok 42 - fs_async_sendfile_nodata
ok 43 - fs_chmod
ok 44 - fs_chown
ok 45 - fs_copyfile
ok 46 - fs_event_close_in_callback
ok 47 - fs_event_close_with_pending_event
ok 48 - fs_event_error_reporting
ok 49 - fs_event_getpath
ok 50 - fs_event_immediate_close
ok 51 - fs_event_no_callback_after_close
ok 52 - fs_event_no_callback_on_close
ok 53 - fs_event_ref
ok 54 - fs_event_start_and_close
ok 55 - fs_event_watch_dir
ok 56 - fs_event_watch_dir_recursive
ok 57 - fs_event_watch_file
ok 58 - fs_event_watch_file_current_dir
ok 59 - fs_event_watch_file_exact_path
ok 60 - fs_event_watch_file_twice
ok 61 - fs_event_watch_invalid_path
ok 62 - fs_file_async
ok 63 - fs_file_loop
ok 64 - fs_file_nametoolong
ok 65 - fs_file_noent
ok 66 - fs_file_open_append
ok 67 - fs_file_pos_after_op_with_offset
ok 68 - fs_file_sync
ok 69 - fs_file_write_null_buffer
ok 70 - fs_fstat
ok 71 - fs_futime
ok 72 - fs_mkdtemp
ok 73 - fs_mkstemp
ok 74 - fs_null_req
ok 75 - fs_open_dir
ok 76 - fs_partial_read
ok 77 - fs_partial_write
ok 78 - fs_poll
ok 79 - fs_poll_close_request
ok 80 - fs_poll_close_request_multi_start_stop
ok 81 - fs_poll_close_request_multi_stop_start
ok 82 - fs_poll_close_request_stop_when_active
ok 83 - fs_poll_getpath
ok 84 - fs_poll_ref
ok 85 - fs_read_bufs
ok 86 - fs_read_dir
ok 87 - fs_read_file_eof
ok 88 - fs_read_write_null_arguments
ok 89 - fs_readdir_empty_dir
ok 90 - fs_readdir_file
ok 91 - fs_readdir_non_empty_dir
ok 92 - fs_readdir_non_existing_dir
ok 93 - fs_readlink
ok 94 - fs_realpath
ok 95 - fs_rename_to_existing_file
ok 96 - fs_scandir_empty_dir
ok 97 - fs_scandir_file
ok 98 - fs_scandir_non_existent_dir
ok 99 - fs_stat_missing_path
ok 100 - fs_statfs
ok 101 - fs_symlink
ok 102 - fs_symlink_dir
ok 103 - fs_unlink_readonly
ok 104 - fs_utime
ok 105 - fs_write_alotof_bufs
ok 106 - fs_write_alotof_bufs_with_offset
ok 107 - fs_write_multiple_bufs
ok 108 - get_currentexe
ok 109 - get_loadavg
ok 110 - get_memory
ok 111 - get_osfhandle_valid_handle
ok 112 - get_passwd
ok 113 - getaddrinfo_basic
ok 114 - getaddrinfo_basic_sync
ok 115 - getaddrinfo_concurrent
ok 116 - getaddrinfo_fail
ok 117 - getaddrinfo_fail_sync
ok 118 - gethostname
ok 119 - getnameinfo_basic_ip4
ok 120 - getnameinfo_basic_ip4_sync
ok 121 - getnameinfo_basic_ip6
ok 122 - getsockname_tcp
ok 123 - getsockname_udp
ok 124 - getters_setters
ok 125 - gettimeofday
ok 126 - handle_fileno
ok 127 - handle_type_name
ok 128 - has_ref
ok 129 - homedir
ok 130 - hrtime
ok 131 - idle_ref
ok 132 - idle_starvation
ok 133 - idna_toascii
ok 134 - ip4_addr
ok 135 - ip6_addr_link_local
ok 136 - ip6_pton
ok 137 - ipc_closed_handle
ok 138 - ipc_heavy_traffic_deadlock_bug
ok 139 - ipc_listen_after_write
ok 140 - ipc_listen_before_write
ok 141 - ipc_send_recv_pipe
ok 142 - ipc_send_recv_pipe_inprocess
ok 143 - ipc_send_recv_tcp
ok 144 - ipc_send_recv_tcp_inprocess
ok 145 - ipc_send_zero
ok 146 - ipc_tcp_connection
ok 147 - kill
ok 148 - kill_invalid_signum
ok 149 - loop_alive
ok 150 - loop_backend_timeout
ok 151 - loop_close
ok 152 - loop_configure
ok 153 - loop_handles
ok 154 - loop_instant_close
ok 155 - loop_stop
ok 156 - loop_update_time
ok 157 - multiple_listen
ok 158 - open_osfhandle_valid_handle
ok 159 - osx_select
ok 160 - osx_select_many_fds
ok 161 - pipe_bind_error_addrinuse
ok 162 - pipe_bind_error_addrnotavail
ok 163 - pipe_bind_error_inval
ok 164 - pipe_close_stdout_read_stdin
ok 165 - pipe_connect_bad_name
ok 166 - pipe_connect_multiple
ok 167 - pipe_connect_on_prepare
ok 168 - pipe_connect_to_file
ok 169 - pipe_getsockname
ok 170 - pipe_getsockname_abstract
ok 171 - pipe_getsockname_blocking
ok 172 - pipe_listen_without_bind
ok 173 - pipe_pending_instances
ok 174 - pipe_ping_pong
ok 175 - pipe_ping_pong_vec
ok 176 - pipe_ref
ok 177 - pipe_ref2
ok 178 - pipe_ref3
ok 179 - pipe_ref4
ok 180 - pipe_sendmsg
ok 181 - pipe_server_close
ok 182 - pipe_set_chmod
ok 183 - pipe_set_non_blocking
ok 184 - poll_bad_fdtype
ok 185 - poll_close
ok 186 - poll_close_doesnt_corrupt_stack # SKIP Test only relevant on Windows
ok 187 - poll_closesocket # SKIP Test only relevant on Windows
ok 188 - poll_duplex
ok 189 - poll_nested_kqueue
ok 190 - poll_oob
ok 191 - poll_unidirectional
ok 192 - prepare_ref
ok 193 - process_priority
ok 194 - process_ref
ok 195 - process_title
ok 196 - process_title_threadsafe
ok 197 - queue_foreach_delete
ok 198 - random_async
ok 199 - random_sync
ok 200 - ref
ok 201 - req_type_name
ok 202 - run_nowait
ok 203 - run_once
ok 204 - semaphore_1
ok 205 - semaphore_2
ok 206 - semaphore_3
ok 207 - shutdown_close_pipe
ok 208 - shutdown_close_tcp
ok 209 - shutdown_eof
ok 210 - shutdown_twice
ok 211 - signal_multiple_loops
ok 212 - signal_pending_on_close
ok 213 - socket_buffer_size
ok 214 - spawn_and_kill
ok 215 - spawn_and_kill_with_std
ok 216 - spawn_and_ping
ok 217 - spawn_auto_unref
ok 218 - spawn_closed_process_io
ok 219 - spawn_detached
ok 220 - spawn_empty_env
ok 221 - spawn_exit_code
ok 222 - spawn_fails
ok 223 - spawn_fails_check_for_waitpid_cleanup
ok 224 - spawn_fs_open
ok 225 - spawn_ignored_stdio
ok 226 - spawn_inherit_streams
ok 227 - spawn_preserve_env
ok 228 - spawn_quoted_path # SKIP Test for Windows
ok 229 - spawn_reads_child_path
ok 230 - spawn_setgid_fails
ok 231 - spawn_setuid_fails
ok 232 - spawn_setuid_setgid # SKIP It should be run as root user
ok 233 - spawn_stdin
ok 234 - spawn_stdio_greater_than_3
ok 235 - spawn_stdout
ok 236 - spawn_stdout_and_stderr_to_file
ok 237 - spawn_stdout_and_stderr_to_file2
ok 238 - spawn_stdout_and_stderr_to_file_swap
ok 239 - spawn_stdout_to_file
ok 240 - spawn_tcp_server
ok 241 - stdio_over_pipes
ok 242 - strscpy
ok 243 - sys_error
ok 244 - tcp6_ping_pong
ok 245 - tcp6_ping_pong_vec
ok 246 - tcp_alloc_cb_fail
ok 247 - tcp_bind6_error_addrinuse
ok 248 - tcp_bind6_error_addrnotavail
ok 249 - tcp_bind6_error_fault
ok 250 - tcp_bind6_error_inval
ok 251 - tcp_bind6_localhost_ok
ok 252 - tcp_bind_error_addrinuse
ok 253 - tcp_bind_error_addrnotavail_1
ok 254 - tcp_bind_error_addrnotavail_2
ok 255 - tcp_bind_error_fault
ok 256 - tcp_bind_error_inval
ok 257 - tcp_bind_invalid_flags
ok 258 - tcp_bind_localhost_ok
ok 259 - tcp_bind_writable_flags
ok 260 - tcp_close
ok 261 - tcp_close_accept
ok 262 - tcp_close_reset_accepted
ok 263 - tcp_close_reset_accepted_after_shutdown
ok 264 - tcp_close_reset_client
ok 265 - tcp_close_reset_client_after_shutdown
ok 266 - tcp_close_while_connecting
ok 267 - tcp_connect_error_after_write
ok 268 - tcp_connect_error_fault
ok 269 - tcp_connect_timeout
ok 270 - tcp_create_early
ok 271 - tcp_create_early_accept
ok 272 - tcp_create_early_bad_bind
ok 273 - tcp_create_early_bad_domain
ok 274 - tcp_flags
ok 275 - tcp_listen_without_bind
ok 276 - tcp_oob
ok 277 - tcp_open
ok 278 - tcp_open_bound
ok 279 - tcp_open_connected
ok 280 - tcp_open_twice
ok 281 - tcp_ping_pong
ok 282 - tcp_ping_pong_vec
ok 283 - tcp_read_stop
ok 284 - tcp_ref
ok 285 - tcp_ref2
ok 286 - tcp_ref2b
ok 287 - tcp_ref3
ok 288 - tcp_ref4
ok 289 - tcp_shutdown_after_write
ok 290 - tcp_try_write
ok 291 - tcp_try_write_error
ok 292 - tcp_unexpected_read
ok 293 - tcp_write_after_connect
ok 294 - tcp_write_fail
ok 295 - tcp_write_queue_order
ok 296 - tcp_write_ready
ok 297 - tcp_write_to_half_open_connection
ok 298 - tcp_writealot
ok 299 - thread_create
ok 300 - thread_equal
ok 301 - thread_local_storage
ok 302 - thread_mutex
ok 303 - thread_mutex_recursive
ok 304 - thread_rwlock
ok 305 - thread_rwlock_trylock
ok 306 - thread_stack_size
ok 307 - thread_stack_size_explicit
ok 308 - threadpool_cancel_fs
ok 309 - threadpool_cancel_getaddrinfo
ok 310 - threadpool_cancel_getnameinfo
ok 311 - threadpool_cancel_random
ok 312 - threadpool_cancel_single
ok 313 - threadpool_cancel_work
ok 314 - threadpool_multiple_event_loops
ok 315 - threadpool_queue_work_einval
ok 316 - threadpool_queue_work_simple
ok 317 - timer
ok 318 - timer_again
ok 319 - timer_early_check
ok 320 - timer_from_check
ok 321 - timer_huge_repeat
ok 322 - timer_huge_timeout
ok 323 - timer_init
ok 324 - timer_is_closing
ok 325 - timer_null_callback
ok 326 - timer_order
ok 327 - timer_ref
ok 328 - timer_ref2
ok 329 - timer_run_once
ok 330 - timer_start_twice
ok 331 - tmpdir
ok 332 - tty
ok 333 - tty_file
ok 334 - tty_pty
ok 335 - udp_alloc_cb_fail
ok 336 - udp_bind
ok 337 - udp_bind_reuseaddr
ok 338 - udp_connect
ok 339 - udp_create_early
ok 340 - udp_create_early_bad_bind
ok 341 - udp_create_early_bad_domain
ok 342 - udp_dgram_too_big
ok 343 - udp_dual_stack
ok 344 - udp_ipv6_only
ok 345 - udp_multicast_interface
ok 346 - udp_multicast_interface6
not ok 347 - udp_multicast_join
# timeout
# Output from process `udp_multicast_join`: (no output)
ok 348 - udp_multicast_join6
ok 349 - udp_multicast_ttl
ok 350 - udp_no_autobind
ok 351 - udp_open
ok 352 - udp_open_bound
not ok 353 - udp_open_connect
# exit code 6
# Output from process `udp_open_connect`: (no output)
Output from process `udp_open_connect`:
# Assertion failed in /Users/sam/Documents/projects/personal/c/quickjs-runtime/libuv/test/test-udp-open.c on line 278: r == 0
ok 354 - udp_open_twice
not ok 355 - udp_options
# exit code 6
# Output from process `udp_options`:
# Assertion failed in /Users/sam/Documents/projects/personal/c/quickjs-runtime/libuv/test/test-udp-options.c on line 44: r == 0
ok 356 - udp_options6
ok 357 - udp_ref
ok 358 - udp_ref2
ok 359 - udp_ref3
not ok 360 - udp_send_and_recv
# exit code 6
# Output from process `udp_send_and_recv`:
# Assertion failed in /Users/sam/Documents/projects/personal/c/quickjs-runtime/libuv/test/test-udp-send-and-recv.c on line 172: r == 0
ok 361 - udp_send_hang_loop
not ok 362 - udp_send_immediate
# exit code 6
# Output from process `udp_send_immediate`:
# Assertion failed in /Users/sam/Documents/projects/personal/c/quickjs-runtime/libuv/test/test-udp-send-immediate.c on line 109: r == 0
ok 363 - udp_send_unix
ok 364 - udp_send_unreachable
not ok 365 - udp_try_send
# exit code 6
# Output from process `udp_try_send`:
# Assertion failed in /Users/sam/Documents/projects/personal/c/quickjs-runtime/libuv/test/test-udp-try-send.c on line 93: r == 0
ok 366 - uname
ok 367 - unref_in_prepare_cb
ok 368 - utf8_decode1
ok 369 - walk_handles
not ok 370 - watcher_cross_stop
# exit code 6
# Output from process `watcher_cross_stop`:
# Assertion failed in /Users/sam/Documents/projects/personal/c/quickjs-runtime/libuv/test/test-watcher-cross-stop.c on line 86: 0 == uv_udp_bind(&sockets[i], (const struct sockaddr*) &addr, UV_UDP_REUSEADDR)
ok 371 - we_get_signal
ok 372 - we_get_signal_one_shot
ok 373 - we_get_signals
ok 374 - we_get_signals_mixed
<end of output>
Test time =  35.81 sec
----------------------------------------------------------
Test Failed.
"uv_test" end time: Feb 03 20:19 CST
"uv_test" time elapsed: 00:00:35
----------------------------------------------------------

2/2 Testing: uv_test_a
2/2 Test: uv_test_a
Command: "/Users/sam/Documents/projects/personal/c/quickjs-runtime/libuv/out/cmake/uv_run_tests_a"
Directory: /Users/sam/Documents/projects/personal/c/quickjs-runtime/libuv
"uv_test_a" start time: Feb 03 20:19 CST
Output:
----------------------------------------------------------
1..374
ok 1 - platform_output
# Output from process `platform_output`:
# uv_get_process_title: /Users/sam/Documents/projects/personal/c/quickjs-runtime/libuv/out/cmake/uv_run_tests_a
# uv_cwd: /Users/sam/Documents/projects/personal/c/quickjs-runtime/libuv
# uv_resident_set_memory: 802816
# uv_uptime: 4190135.000000
# uv_getrusage:
#   user: 0 sec 1044 microsec
#   system: 0 sec 982 microsec
#   page faults: 0
#   maximum resident set size: 802816
# uv_cpu_info:
#   model: Intel(R) Core(TM) i9-9880H CPU @ 2.30GHz
#   speed: 2300
#   times.sys: 87629510
#   times.user: 111235000
#   times.idle: 1132906190
#   times.irq: 0
#   times.nice: 0
#   model: Intel(R) Core(TM) i9-9880H CPU @ 2.30GHz
#   speed: 2300
#   times.sys: 2156230
#   times.user: 1246370
#   times.idle: 1327894330
#   times.irq: 0
#   times.nice: 0
#   model: Intel(R) Core(TM) i9-9880H CPU @ 2.30GHz
#   speed: 2300
#   times.sys: 59921820
#   times.user: 86308490
#   times.idle: 1185083830
#   times.irq: 0
#   times.nice: 0
#   model: Intel(R) Core(TM) i9-9880H CPU @ 2.30GHz
#   speed: 2300
#   times.sys: 1906220
#   times.user: 1228400
#   times.idle: 1328161200
#   times.irq: 0
#   times.
# nice: 0
#   model: Intel(R) Core(TM) i9-9880H CPU @ 2.30GHz
#   speed: 2300
#   times.sys: 44405080
#   times.user: 63142940
#   times.idle: 1223764230
#   times.irq: 0
#   times.nice: 0
#   model: Intel(R) Core(TM) i9-9880H CPU @ 2.30GHz
#   speed: 2300
#   times.sys: 1715690
#   times.user: 1224960
#   times.idle: 1328354060
#   times.irq: 0
#   times.nice: 0
#   model: Intel(R) Core(TM) i9-9880H CPU @ 2.30GHz
#   speed: 2300
#   times.sys: 33857400
#   times.user: 49187970
#   times.idle: 1248264970
#   times.irq: 0
#   times.nice: 0
#   model: Intel(R) Core(TM) i9-9880H CPU @ 2.30GHz
#   speed: 2300
#   times.sys: 1541290
#   times.user: 1206880
#   times.idle: 1328545430
#   times.irq: 0
#   times.nice: 0
#   model: Intel(R) Core(TM) i9-9880H CPU @ 2.30GHz
#   speed: 2300
#   times.sys: 26208770
#   times.user: 40062480
#   times.idle: 1265037180
#   times.irq: 0
#   times.nice: 0
#   model: Intel(R) Core(TM) i9-9880H CPU @ 2.30GHz
#   speed: 2300
#   times.sys: 1403040
#   times.user: 1182200
#   times.idle: 1328707220
#   times.irq: 0
#   times.nice: 0
#   model: Intel(R) Core(TM) i9-98
# 80H CPU @ 2.30GHz
#   speed: 2300
#   times.sys: 18078740
#   times.user: 30515140
#   times.idle: 1282712620
#   times.irq: 0
#   times.nice: 0
#   model: Intel(R) Core(TM) i9-9880H CPU @ 2.30GHz
#   speed: 2300
#   times.sys: 1282470
#   times.user: 1153050
#   times.idle: 1328855770
#   times.irq: 0
#   times.nice: 0
#   model: Intel(R) Core(TM) i9-9880H CPU @ 2.30GHz
#   speed: 2300
#   times.sys: 12709740
#   times.user: 22518740
#   times.idle: 1296076020
#   times.irq: 0
#   times.nice: 0
#   model: Intel(R) Core(TM) i9-9880H CPU @ 2.30GHz
#   speed: 2300
#   times.sys: 1185690
#   times.user: 1121710
#   times.idle: 1328982700
#   times.irq: 0
#   times.nice: 0
#   model: Intel(R) Core(TM) i9-9880H CPU @ 2.30GHz
#   speed: 2300
#   times.sys: 9999730
#   times.user: 18673530
#   times.idle: 1302629180
#   times.irq: 0
#   times.nice: 0
#   model: Intel(R) Core(TM) i9-9880H CPU @ 2.30GHz
#   speed: 2300
#   times.sys: 1109560
#   times.user: 1095170
#   times.idle: 1329084140
#   times.irq: 0
#   times.nice: 0
# uv_interface_addresses:
#   name: lo0
#   internal: 1
#   physical address: 00:
# 00:00:00:00:00
#   address: 127.0.0.1
#   netmask: 255.0.0.0
#   name: lo0
#   internal: 1
#   physical address: 00:00:00:00:00:00
#   address: ::1
#   netmask: ffff:ffff:ffff:ffff:ffff:ffff:ffff:ffff
#   name: lo0
#   internal: 1
#   physical address: 00:00:00:00:00:00
#   address: fe80::1
#   netmask: ffff:ffff:ffff:ffff::
#   name: en0
#   internal: 0
#   physical address: 38:f9:d3:cf:cf:79
#   address: fe80::ca4:ef71:5d27:9053
#   netmask: ffff:ffff:ffff:ffff::
#   name: en0
#   internal: 0
#   physical address: 38:f9:d3:cf:cf:79
#   address: 192.168.1.116
#   netmask: 255.255.255.0
#   name: awdl0
#   internal: 0
#   physical address: ee:58:f2:59:b6:46
#   address: fe80::ec58:f2ff:fe59:b646
#   netmask: ffff:ffff:ffff:ffff::
#   name: llw0
#   internal: 0
#   physical address: ee:58:f2:59:b6:46
#   address: fe80::ec58:f2ff:fe59:b646
#   netmask: ffff:ffff:ffff:ffff::
#   name: utun0
#   internal: 0
#   physical address: 00:00:00:00:00:00
#   address: fe80::8f0b:5643:c755:58ff
#   netmask: ffff:ffff:ffff:ffff::
#   name: utun1
#   internal: 0
#   physical address: 00:00:00:00:00:00
#  
#  address: fe80::7aa4:3aaa:a0a7:4805
#   netmask: ffff:ffff:ffff:ffff::
#   name: utun2
#   internal: 0
#   physical address: 00:00:00:00:00:00
#   address: fe80::6a18:867d:f91f:7cd0
#   netmask: ffff:ffff:ffff:ffff::
#   name: utun3
#   internal: 0
#   physical address: 00:00:00:00:00:00
#   address: fe80::4ab2:e448:3487:efb4
#   netmask: ffff:ffff:ffff:ffff::
#   name: vnic0
#   internal: 0
#   physical address: 00:1c:42:00:00:08
#   address: 10.211.55.2
#   netmask: 255.255.255.0
#   name: vnic1
#   internal: 0
#   physical address: 00:1c:42:00:00:09
#   address: 10.37.129.2
#   netmask: 255.255.255.0
#   name: utun4
#   internal: 0
#   physical address: 00:00:00:00:00:00
#   address: fe80::58b4:e42:2194:ea6a
#   netmask: ffff:ffff:ffff:ffff::
#   name: utun5
#   internal: 0
#   physical address: 00:00:00:00:00:00
#   address: fe80::de7c:e21b:4f78:a4c2
#   netmask: ffff:ffff:ffff:ffff::
#   name: utun6
#   internal: 0
#   physical address: 00:00:00:00:00:00
#   address: fe80::f749:d1c2:2741:b079
#   netmask: ffff:ffff:ffff:ffff::
#   name: utun7
#   internal: 0
#   physical address: 
# 00:00:00:00:00:00
#   address: fe80::9b85:feb8:34e1:7e42
#   netmask: ffff:ffff:ffff:ffff::
#   name: en5
#   internal: 0
#   physical address: ac:de:48:00:11:22
#   address: fe80::aede:48ff:fe00:1122
#   netmask: ffff:ffff:ffff:ffff::
#   name: utun8
#   internal: 0
#   physical address: 00:00:00:00:00:00
#   address: fe80::d68c:2512:2e23:2cf9
#   netmask: ffff:ffff:ffff:ffff::
#   name: utun9
#   internal: 0
#   physical address: 00:00:00:00:00:00
#   address: fe80::e805:cb57:f9d1:3b46
#   netmask: ffff:ffff:ffff:ffff::
# uv_os_get_passwd:
#   euid: 501
#   gid: 20
#   username: sam
#   shell: /bin/zsh
#   home directory: /Users/sam
# uv_os_getpid: 74004
# uv_os_getppid: 74003
# uv_os_uname:
#   sysname: Darwin
#   release: 19.2.0
#   version: Darwin Kernel Version 19.2.0: Sat Nov  9 03:47:04 PST 2019; root:xnu-6153.61.1~20/RELEASE_X86_64
#   machine: x86_64
ok 2 - active
ok 3 - async
ok 4 - async_null_cb
ok 5 - async_ref
ok 6 - barrier_1
ok 7 - barrier_2
ok 8 - barrier_3
ok 9 - barrier_serial_thread
ok 10 - barrier_serial_thread_single
ok 11 - callback_stack
ok 12 - check_ref
ok 13 - close_fd
ok 14 - close_order
ok 15 - closed_fd_events
ok 16 - condvar_1
ok 17 - condvar_2
ok 18 - condvar_3
ok 19 - condvar_4
ok 20 - condvar_5
ok 21 - connect_unspecified
ok 22 - connection_fail
ok 23 - connection_fail_doesnt_auto_close
ok 24 - cwd_and_chdir
ok 25 - default_loop_close
ok 26 - delayed_accept
ok 27 - dlerror
ok 28 - eintr_handling
ok 29 - embed
ok 30 - emfile
ok 31 - env_vars
ok 32 - error_message
ok 33 - fork_signal_to_child
ok 34 - fork_signal_to_child_closed
ok 35 - fork_socketpair
ok 36 - fork_socketpair_started
ok 37 - fork_threadpool_queue_work_simple
ok 38 - fork_timer
ok 39 - fs_access
ok 40 - fs_async_dir
ok 41 - fs_async_sendfile
ok 42 - fs_async_sendfile_nodata
ok 43 - fs_chmod
ok 44 - fs_chown
ok 45 - fs_copyfile
ok 46 - fs_event_close_in_callback
ok 47 - fs_event_close_with_pending_event
ok 48 - fs_event_error_reporting
ok 49 - fs_event_getpath
ok 50 - fs_event_immediate_close
ok 51 - fs_event_no_callback_after_close
ok 52 - fs_event_no_callback_on_close
ok 53 - fs_event_ref
ok 54 - fs_event_start_and_close
ok 55 - fs_event_watch_dir
ok 56 - fs_event_watch_dir_recursive
ok 57 - fs_event_watch_file
ok 58 - fs_event_watch_file_current_dir
ok 59 - fs_event_watch_file_exact_path
ok 60 - fs_event_watch_file_twice
ok 61 - fs_event_watch_invalid_path
ok 62 - fs_file_async
ok 63 - fs_file_loop
ok 64 - fs_file_nametoolong
ok 65 - fs_file_noent
ok 66 - fs_file_open_append
ok 67 - fs_file_pos_after_op_with_offset
ok 68 - fs_file_sync
ok 69 - fs_file_write_null_buffer
ok 70 - fs_fstat
ok 71 - fs_futime
ok 72 - fs_mkdtemp
ok 73 - fs_mkstemp
ok 74 - fs_null_req
ok 75 - fs_open_dir
ok 76 - fs_partial_read
ok 77 - fs_partial_write
ok 78 - fs_poll
ok 79 - fs_poll_close_request
ok 80 - fs_poll_close_request_multi_start_stop
ok 81 - fs_poll_close_request_multi_stop_start
ok 82 - fs_poll_close_request_stop_when_active
ok 83 - fs_poll_getpath
ok 84 - fs_poll_ref
ok 85 - fs_read_bufs
ok 86 - fs_read_dir
ok 87 - fs_read_file_eof
ok 88 - fs_read_write_null_arguments
ok 89 - fs_readdir_empty_dir
ok 90 - fs_readdir_file
ok 91 - fs_readdir_non_empty_dir
ok 92 - fs_readdir_non_existing_dir
ok 93 - fs_readlink
ok 94 - fs_realpath
ok 95 - fs_rename_to_existing_file
ok 96 - fs_scandir_empty_dir
ok 97 - fs_scandir_file
ok 98 - fs_scandir_non_existent_dir
ok 99 - fs_stat_missing_path
ok 100 - fs_statfs
ok 101 - fs_symlink
ok 102 - fs_symlink_dir
ok 103 - fs_unlink_readonly
ok 104 - fs_utime
ok 105 - fs_write_alotof_bufs
ok 106 - fs_write_alotof_bufs_with_offset
ok 107 - fs_write_multiple_bufs
ok 108 - get_currentexe
ok 109 - get_loadavg
ok 110 - get_memory
ok 111 - get_osfhandle_valid_handle
ok 112 - get_passwd
ok 113 - getaddrinfo_basic
ok 114 - getaddrinfo_basic_sync
ok 115 - getaddrinfo_concurrent
ok 116 - getaddrinfo_fail
ok 117 - getaddrinfo_fail_sync
ok 118 - gethostname
ok 119 - getnameinfo_basic_ip4
ok 120 - getnameinfo_basic_ip4_sync
ok 121 - getnameinfo_basic_ip6
ok 122 - getsockname_tcp
ok 123 - getsockname_udp # SKIP Bind error
ok 124 - getters_setters
ok 125 - gettimeofday
not ok 126 - handle_fileno
# exit code 6
# Output from process `handle_fileno`:
# Assertion failed in /Users/sam/Documents/projects/personal/c/quickjs-runtime/libuv/test/test-handle-fileno.c on line 84: r == 0
ok 127 - handle_type_name
ok 128 - has_ref
ok 129 - homedir
ok 130 - hrtime
ok 131 - idle_ref
ok 132 - idle_starvation
ok 133 - idna_toascii
ok 134 - ip4_addr
ok 135 - ip6_addr_link_local
ok 136 - ip6_pton
ok 137 - ipc_closed_handle
ok 138 - ipc_heavy_traffic_deadlock_bug
ok 139 - ipc_listen_after_write
ok 140 - ipc_listen_before_write
ok 141 - ipc_send_recv_pipe
ok 142 - ipc_send_recv_pipe_inprocess
ok 143 - ipc_send_recv_tcp
ok 144 - ipc_send_recv_tcp_inprocess
ok 145 - ipc_send_zero
ok 146 - ipc_tcp_connection
ok 147 - kill
ok 148 - kill_invalid_signum
ok 149 - loop_alive
ok 150 - loop_backend_timeout
ok 151 - loop_close
ok 152 - loop_configure
ok 153 - loop_handles
ok 154 - loop_instant_close
ok 155 - loop_stop
ok 156 - loop_update_time
ok 157 - multiple_listen
ok 158 - open_osfhandle_valid_handle
ok 159 - osx_select
ok 160 - osx_select_many_fds
ok 161 - pipe_bind_error_addrinuse
ok 162 - pipe_bind_error_addrnotavail
ok 163 - pipe_bind_error_inval
ok 164 - pipe_close_stdout_read_stdin
ok 165 - pipe_connect_bad_name
ok 166 - pipe_connect_multiple
ok 167 - pipe_connect_on_prepare
ok 168 - pipe_connect_to_file
ok 169 - pipe_getsockname
ok 170 - pipe_getsockname_abstract
ok 171 - pipe_getsockname_blocking
ok 172 - pipe_listen_without_bind
ok 173 - pipe_pending_instances
ok 174 - pipe_ping_pong
ok 175 - pipe_ping_pong_vec
ok 176 - pipe_ref
ok 177 - pipe_ref2
ok 178 - pipe_ref3
ok 179 - pipe_ref4
ok 180 - pipe_sendmsg
ok 181 - pipe_server_close
ok 182 - pipe_set_chmod
ok 183 - pipe_set_non_blocking
ok 184 - poll_bad_fdtype
ok 185 - poll_close
ok 186 - poll_close_doesnt_corrupt_stack # SKIP Test only relevant on Windows
ok 187 - poll_closesocket # SKIP Test only relevant on Windows
ok 188 - poll_duplex
ok 189 - poll_nested_kqueue
ok 190 - poll_oob
ok 191 - poll_unidirectional
ok 192 - prepare_ref
ok 193 - process_priority
ok 194 - process_ref
ok 195 - process_title
ok 196 - process_title_threadsafe
ok 197 - queue_foreach_delete
ok 198 - random_async
ok 199 - random_sync
ok 200 - ref
ok 201 - req_type_name
ok 202 - run_nowait
ok 203 - run_once
ok 204 - semaphore_1
ok 205 - semaphore_2
ok 206 - semaphore_3
ok 207 - shutdown_close_pipe
ok 208 - shutdown_close_tcp
ok 209 - shutdown_eof
ok 210 - shutdown_twice
ok 211 - signal_multiple_loops
ok 212 - signal_pending_on_close
not ok 213 - socket_buffer_size
# exit code 6
# Output from process `socket_buffer_size`:
# Assertion failed in /Users/sam/Documents/projects/personal/c/quickjs-runtime/libuv/test/test-socket-buffer-size.c on line 67: 0 == uv_udp_bind(&udp, (struct sockaddr*) &addr, 0)
ok 214 - spawn_and_kill
ok 215 - spawn_and_kill_with_std
ok 216 - spawn_and_ping
ok 217 - spawn_auto_unref
ok 218 - spawn_closed_process_io
ok 219 - spawn_detached
ok 220 - spawn_empty_env
ok 221 - spawn_exit_code
ok 222 - spawn_fails
ok 223 - spawn_fails_check_for_waitpid_cleanup
ok 224 - spawn_fs_open
ok 225 - spawn_ignored_stdio
ok 226 - spawn_inherit_streams
ok 227 - spawn_preserve_env
ok 228 - spawn_quoted_path # SKIP Test for Windows
ok 229 - spawn_reads_child_path
ok 230 - spawn_setgid_fails
ok 231 - spawn_setuid_fails
ok 232 - spawn_setuid_setgid # SKIP It should be run as root user
ok 233 - spawn_stdin
ok 234 - spawn_stdio_greater_than_3
ok 235 - spawn_stdout
ok 236 - spawn_stdout_and_stderr_to_file
ok 237 - spawn_stdout_and_stderr_to_file2
ok 238 - spawn_stdout_and_stderr_to_file_swap
ok 239 - spawn_stdout_to_file
ok 240 - spawn_tcp_server
ok 241 - stdio_over_pipes
ok 242 - strscpy
ok 243 - sys_error
ok 244 - tcp6_ping_pong
ok 245 - tcp6_ping_pong_vec
ok 246 - tcp_alloc_cb_fail
ok 247 - tcp_bind6_error_addrinuse
ok 248 - tcp_bind6_error_addrnotavail
ok 249 - tcp_bind6_error_fault
ok 250 - tcp_bind6_error_inval
ok 251 - tcp_bind6_localhost_ok
ok 252 - tcp_bind_error_addrinuse
ok 253 - tcp_bind_error_addrnotavail_1
ok 254 - tcp_bind_error_addrnotavail_2
ok 255 - tcp_bind_error_fault
ok 256 - tcp_bind_error_inval
ok 257 - tcp_bind_invalid_flags
ok 258 - tcp_bind_localhost_ok
ok 259 - tcp_bind_writable_flags
ok 260 - tcp_close
ok 261 - tcp_close_accept
ok 262 - tcp_close_reset_accepted
ok 263 - tcp_close_reset_accepted_after_shutdown
ok 264 - tcp_close_reset_client
ok 265 - tcp_close_reset_client_after_shutdown
ok 266 - tcp_close_while_connecting
ok 267 - tcp_connect_error_after_write
ok 268 - tcp_connect_error_fault
ok 269 - tcp_connect_timeout
ok 270 - tcp_create_early
ok 271 - tcp_create_early_accept
ok 272 - tcp_create_early_bad_bind
ok 273 - tcp_create_early_bad_domain
ok 274 - tcp_flags
ok 275 - tcp_listen_without_bind
ok 276 - tcp_oob
ok 277 - tcp_open
ok 278 - tcp_open_bound
ok 279 - tcp_open_connected
ok 280 - tcp_open_twice
ok 281 - tcp_ping_pong
ok 282 - tcp_ping_pong_vec
ok 283 - tcp_read_stop
ok 284 - tcp_ref
ok 285 - tcp_ref2
ok 286 - tcp_ref2b
ok 287 - tcp_ref3
ok 288 - tcp_ref4
ok 289 - tcp_shutdown_after_write
ok 290 - tcp_try_write
ok 291 - tcp_try_write_error
ok 292 - tcp_unexpected_read
ok 293 - tcp_write_after_connect
ok 294 - tcp_write_fail
ok 295 - tcp_write_queue_order
ok 296 - tcp_write_ready
ok 297 - tcp_write_to_half_open_connection
ok 298 - tcp_writealot
ok 299 - thread_create
ok 300 - thread_equal
ok 301 - thread_local_storage
ok 302 - thread_mutex
ok 303 - thread_mutex_recursive
ok 304 - thread_rwlock
ok 305 - thread_rwlock_trylock
ok 306 - thread_stack_size
ok 307 - thread_stack_size_explicit
ok 308 - threadpool_cancel_fs
ok 309 - threadpool_cancel_getaddrinfo
ok 310 - threadpool_cancel_getnameinfo
ok 311 - threadpool_cancel_random
ok 312 - threadpool_cancel_single
ok 313 - threadpool_cancel_work
ok 314 - threadpool_multiple_event_loops
ok 315 - threadpool_queue_work_einval
ok 316 - threadpool_queue_work_simple
ok 317 - timer
ok 318 - timer_again
ok 319 - timer_early_check
ok 320 - timer_from_check
ok 321 - timer_huge_repeat
ok 322 - timer_huge_timeout
ok 323 - timer_init
ok 324 - timer_is_closing
ok 325 - timer_null_callback
ok 326 - timer_order
ok 327 - timer_ref
ok 328 - timer_ref2
ok 329 - timer_run_once
ok 330 - timer_start_twice
ok 331 - tmpdir
ok 332 - tty
ok 333 - tty_file
ok 334 - tty_pty
not ok 335 - udp_alloc_cb_fail
# exit code 6
# Output from process `udp_alloc_cb_fail`:
# Assertion failed in /Users/sam/Documents/projects/personal/c/quickjs-runtime/libuv/test/test-udp-alloc-cb-fail.c on line 161: r == 0
not ok 336 - udp_bind
# exit code 6
# Output from process `udp_bind`:
# Assertion failed in /Users/sam/Documents/projects/personal/c/quickjs-runtime/libuv/test/test-udp-bind.c on line 47: r == 0
not ok 337 - udp_bind_reuseaddr
# exit code 6
# Output from process `udp_bind_reuseaddr`:
# Assertion failed in /Users/sam/Documents/projects/personal/c/quickjs-runtime/libuv/test/test-udp-bind.c on line 80: r == 0
not ok 338 - udp_connect
# exit code 6
# Output from process `udp_connect`:
# Assertion failed in /Users/sam/Documents/projects/personal/c/quickjs-runtime/libuv/test/test-udp-connect.c on line 113: r == 0
not ok 339 - udp_create_early
# exit code 6
# Output from process `udp_create_early`:
# Assertion failed in /Users/sam/Documents/projects/personal/c/quickjs-runtime/libuv/test/test-udp-create-socket-early.c on line 59: r == 0
ok 340 - udp_create_early_bad_bind
ok 341 - udp_create_early_bad_domain
ok 342 - udp_dgram_too_big
not ok 343 - udp_dual_stack
# exit code 6
# Output from process `udp_dual_stack`:
# on [::]:41763
# to [127.0.0.1]:41763
# sending PING 8915
# from [0.0.0.0]:58358
# recv_cb_called 0
# send_cb_called 1
# Assertion failed in /Users/sam/Documents/projects/personal/c/quickjs-runtime/libuv/test/test-udp-ipv6.c on line 234: recv_cb_called == 1
ok 344 - udp_ipv6_only
ok 345 - udp_multicast_interface
ok 346 - udp_multicast_interface6
not ok 347 - udp_multicast_join
# exit code 6
# Output from process `udp_multicast_join`:
# Assertion failed in /Users/sam/Documents/projects/personal/c/quickjs-runtime/libuv/test/test-udp-multicast-join.c on line 154: r == 0
ok 348 - udp_multicast_join6
ok 349 - udp_multicast_ttl
ok 350 - udp_no_autobind
ok 351 - udp_open
ok 352 - udp_open_bound
not ok 353 - udp_open_connect
# exit code 6
# Output from process `udp_open_connect`: (no output)
Output from process `udp_open_connect`:
# Assertion failed in /Users/sam/Documents/projects/personal/c/quickjs-runtime/libuv/test/test-udp-open.c on line 278: r == 0
ok 354 - udp_open_twice
not ok 355 - udp_options
# exit code 6
# Output from process `udp_options`:
# Assertion failed in /Users/sam/Documents/projects/personal/c/quickjs-runtime/libuv/test/test-udp-options.c on line 44: r == 0
ok 356 - udp_options6
ok 357 - udp_ref
ok 358 - udp_ref2
ok 359 - udp_ref3
not ok 360 - udp_send_and_recv
# exit code 6
# Output from process `udp_send_and_recv`:
# Assertion failed in /Users/sam/Documents/projects/personal/c/quickjs-runtime/libuv/test/test-udp-send-and-recv.c on line 172: r == 0
ok 361 - udp_send_hang_loop
not ok 362 - udp_send_immediate
# exit code 6
# Output from process `udp_send_immediate`:
# Assertion failed in /Users/sam/Documents/projects/personal/c/quickjs-runtime/libuv/test/test-udp-send-immediate.c on line 109: r == 0
ok 363 - udp_send_unix
ok 364 - udp_send_unreachable
not ok 365 - udp_try_send
# exit code 6
# Output from process `udp_try_send`:
# Assertion failed in /Users/sam/Documents/projects/personal/c/quickjs-runtime/libuv/test/test-udp-try-send.c on line 93: r == 0
ok 366 - uname
ok 367 - unref_in_prepare_cb
ok 368 - utf8_decode1
ok 369 - walk_handles
not ok 370 - watcher_cross_stop
# exit code 6
# Output from process `watcher_cross_stop`:
# Assertion failed in /Users/sam/Documents/projects/personal/c/quickjs-runtime/libuv/test/test-watcher-cross-stop.c on line 86: 0 == uv_udp_bind(&sockets[i], (const struct sockaddr*) &addr, UV_UDP_REUSEADDR)
ok 371 - we_get_signal
ok 372 - we_get_signal_one_shot
ok 373 - we_get_signals
ok 374 - we_get_signals_mixed
<end of output>
Test time =  31.49 sec
----------------------------------------------------------
Test Failed.
"uv_test_a" end time: Feb 03 20:19 CST
"uv_test_a" time elapsed: 00:00:31
----------------------------------------------------------

End testing: Feb 03 20:19 CST
